<?xml version="1.0" encoding="UTF-8" standalone="no"?>
<!DOCTYPE log SYSTEM "logger.dtd">
<log>
<record>
  <date>2023-10-19T23:29:18.753-0300</date>
  <logger>ISAAC VICENTE DE MEDEIROS SILVA</logger>
  <level>FINE</level>
  <message>File 122110653-ISAAC VICENTE DE MEDEIROS SILVA.zip was received. It was sent by ISAAC VICENTE DE MEDEIROS SILVA from IP 192.168.0.106 at 19-10-2023 23*29*18</message>
</record>
</log>
<?xml version="1.0" encoding="UTF-8" standalone="no"?>
<!DOCTYPE log SYSTEM "logger.dtd">
<log>
<record>
  <date>2023-10-19T23:35:44.002-0300</date>
  <logger>ISAAC VICENTE DE MEDEIROS SILVA</logger>
  <level>FINE</level>
  <message>File 122110653-ISAAC VICENTE DE MEDEIROS SILVA.zip was received. It was sent by ISAAC VICENTE DE MEDEIROS SILVA from IP 192.168.0.106 at 19-10-2023 23*35*43</message>
</record>
</log>
<?xml version="1.0" encoding="UTF-8" standalone="no"?>
<!DOCTYPE log SYSTEM "logger.dtd">
<log>
<record>
  <date>2023-10-19T23:37:15.780-0300</date>
  <logger>ISAAC VICENTE DE MEDEIROS SILVA</logger>
  <level>FINE</level>
  <message>File 122110653-ISAAC VICENTE DE MEDEIROS SILVA.zip was received. It was sent by ISAAC VICENTE DE MEDEIROS SILVA from IP 192.168.0.106 at 19-10-2023 23*37*15</message>
</record>
